Using pre-set license
Built from '2020.3/staging' branch; Version is '2020.3.18f1 (a7d1c678663c) revision 10998214'; Using compiler version '192528614'; Build Type 'Release'
OS: 'Windows 10 Home; OS build 19042.1288; Version 2009; 64bit' Language: 'zh' Physical Memory: 8043 MB
BatchMode: 1, IsHumanControllingUs: 0, StartBugReporterOnCrash: 0, Is64bit: 1, IsPro: 0

COMMAND LINE ARGUMENTS:
C:\Program Files\Unity\Hub\Editor\2020.3.18f1\Editor\Unity.exe
-adb2
-batchMode
-noUpm
-name
AssetImportWorker0
-projectPath
D:/Learning/GitHub/FridayClass/Midterm Exam
-logFile
Logs/AssetImportWorker0.log
-srvPort
64542
Successfully changed project path to: D:/Learning/GitHub/FridayClass/Midterm Exam
D:/Learning/GitHub/FridayClass/Midterm Exam
Using Asset Import Pipeline V2.
Refreshing native plugins compatible for Editor in 577.65 ms, found 3 plugins.
Preloading 0 native plugins for Editor in 0.00 ms.
Initialize engine version: 2020.3.18f1 (a7d1c678663c)
[Subsystems] Discovering subsystems at path C:/Program Files/Unity/Hub/Editor/2020.3.18f1/Editor/Data/Resources/UnitySubsystems
[Subsystems] Discovering subsystems at path D:/Learning/GitHub/FridayClass/Midterm Exam/Assets
GfxDevice: creating device client; threaded=0
Direct3D:
    Version:  Direct3D 11.0 [level 11.1]
    Renderer: NVIDIA GeForce GTX 1650 (ID=0x1f91)
    Vendor:   
    VRAM:     3962 MB
    Driver:   27.21.14.5763
Initialize mono
Mono path[0] = 'C:/Program Files/Unity/Hub/Editor/2020.3.18f1/Editor/Data/Managed'
Mono path[1] = 'C:/Program Files/Unity/Hub/Editor/2020.3.18f1/Editor/Data/MonoBleedingEdge/lib/mono/unityjit'
Mono config path = 'C:/Program Files/Unity/Hub/Editor/2020.3.18f1/Editor/Data/MonoBleedingEdge/etc'
Using monoOptions --debugger-agent=transport=dt_socket,embedding=1,server=y,suspend=n,address=127.0.0.1:56956
Begin MonoManager ReloadAssembly
Registering precompiled unity dll's ...
Register platform support module: C:/Program Files/Unity/Hub/Editor/2020.3.18f1/Editor/Data/PlaybackEngines/WindowsStandaloneSupport/UnityEditor.WindowsStandalone.Extensions.dll
Registered in 0.003983 seconds.
Native extension for WindowsStandalone target not found
Refreshing native plugins compatible for Editor in 40.05 ms, found 3 plugins.
Preloading 0 native plugins for Editor in 0.00 ms.
Mono: successfully reloaded assembly
- Completed reload, in  4.607 seconds
Domain Reload Profiling:
	ReloadAssembly (4608ms)
		BeginReloadAssembly (111ms)
			ExecutionOrderSort (0ms)
			DisableScriptedObjects (0ms)
			BackupInstance (0ms)
			ReleaseScriptingObjects (0ms)
			CreateAndSetChildDomain (1ms)
		EndReloadAssembly (422ms)
			LoadAssemblies (108ms)
			RebuildTransferFunctionScriptingTraits (1ms)
			SetupTypeCache (151ms)
			ReleaseScriptCaches (0ms)
			RebuildScriptCaches (28ms)
			SetupLoadedEditorAssemblies (166ms)
				LogAssemblyErrors (0ms)
				InitializePlatformSupportModulesInManaged (3ms)
				SetLoadedEditorAssemblies (0ms)
				RefreshPlugins (40ms)
				BeforeProcessingInitializeOnLoad (19ms)
				ProcessInitializeOnLoadAttributes (76ms)
				ProcessInitializeOnLoadMethodAttributes (28ms)
				AfterProcessingInitializeOnLoad (0ms)
				EditorAssembliesLoaded (0ms)
			ExecutionOrderSort2 (0ms)
			AwakeInstancesAfterBackupRestoration (0ms)
Platform modules already initialized, skipping
Registering precompiled user dll's ...
Registered in 0.053406 seconds.
Begin MonoManager ReloadAssembly
Native extension for WindowsStandalone target not found
Refreshing native plugins compatible for Editor in 36.22 ms, found 3 plugins.
Preloading 0 native plugins for Editor in 0.00 ms.
Mono: successfully reloaded assembly
- Completed reload, in  1.247 seconds
Domain Reload Profiling:
	ReloadAssembly (1248ms)
		BeginReloadAssembly (138ms)
			ExecutionOrderSort (0ms)
			DisableScriptedObjects (4ms)
			BackupInstance (0ms)
			ReleaseScriptingObjects (0ms)
			CreateAndSetChildDomain (19ms)
		EndReloadAssembly (1046ms)
			LoadAssemblies (268ms)
			RebuildTransferFunctionScriptingTraits (0ms)
			SetupTypeCache (296ms)
			ReleaseScriptCaches (0ms)
			RebuildScriptCaches (43ms)
			SetupLoadedEditorAssemblies (324ms)
				LogAssemblyErrors (0ms)
				InitializePlatformSupportModulesInManaged (4ms)
				SetLoadedEditorAssemblies (0ms)
				RefreshPlugins (36ms)
				BeforeProcessingInitializeOnLoad (72ms)
				ProcessInitializeOnLoadAttributes (193ms)
				ProcessInitializeOnLoadMethodAttributes (12ms)
				AfterProcessingInitializeOnLoad (6ms)
				EditorAssembliesLoaded (0ms)
			ExecutionOrderSort2 (0ms)
			AwakeInstancesAfterBackupRestoration (6ms)
Platform modules already initialized, skipping
========================================================================
Worker process is ready to serve import requests
Launched and connected shader compiler UnityShaderCompiler.exe after 0.08 seconds
Refreshing native plugins compatible for Editor in 0.46 ms, found 3 plugins.
Preloading 0 native plugins for Editor in 0.00 ms.
Unloading 2090 Unused Serialized files (Serialized files now loaded: 0)
System memory in use before: 93.0 MB.
System memory in use after: 93.1 MB.

Unloading 26 unused Assets to reduce memory usage. Loaded Objects now: 2529.
Total: 3.163900 ms (FindLiveObjects: 0.190800 ms CreateObjectMapping: 0.068900 ms MarkObjects: 2.844200 ms  DeleteObjects: 0.059100 ms)

AssetImportParameters requested are different than current active one (requested -> active):
  custom:framework-win-MediaFoundation: 216162199b28c13a410421893ffa2e32 -> 
  custom:video-decoder-ogg-theora: a1e56fd34408186e4bbccfd4996cb3dc -> 
  custom:container-muxer-webm: aa71ff27fc2769a1b78a27578f13a17b -> 
  custom:container-demuxer-webm: 4f35f7cbe854078d1ac9338744f61a02 -> 
  custom:container-demuxer-ogg: 62fdf1f143b41e24485cea50d1cbac27 -> 
  custom:video-encoder-webm-vp8: eb34c28f22e8b96e1ab97ce403110664 -> 
  custom:video-codec-MediaFoundation-h265: 746d11721c4dcdbdad8f713fa42b33f4 -> 
  custom:video-decoder-webm-vp8: 9c59270c3fd7afecdb556c50c9e8de78 -> 
  custom:audio-decoder-ogg-vorbis: bf7c407c2cedff20999df2af8eb42d56 -> 
  custom:audio-encoder-webm-vorbis: bf7c407c2cedff20999df2af8eb42d56 -> 
========================================================================
Received Import Request.
  path: Assets/Distant Forest Assets/Swamp Forest/SwampBgOrange_4.png
  artifactKey: Guid(f8d55e0c05d66014ebda9528d1a48d30) Importer(815301076,1909f56bfc062723c751e8b465ee728b)
Start importing Assets/Distant Forest Assets/Swamp Forest/SwampBgOrange_4.png using Guid(f8d55e0c05d66014ebda9528d1a48d30) Importer(815301076,1909f56bfc062723c751e8b465ee728b)  -> (artifact id: 'a2095ec18ec98bc7ab42511b41dd9683') in 0.143982 seconds 
  Import took 0.146856 seconds .

========================================================================
Received Import Request.
  Time since last request: 0.000355 seconds.
  path: Assets/Distant Forest Assets/Swamp Forest/SwampBg_4.png
  artifactKey: Guid(fa5cb382b103fa240bde047b8c1d3a5c) Importer(815301076,1909f56bfc062723c751e8b465ee728b)
Start importing Assets/Distant Forest Assets/Swamp Forest/SwampBg_4.png using Guid(fa5cb382b103fa240bde047b8c1d3a5c) Importer(815301076,1909f56bfc062723c751e8b465ee728b)  -> (artifact id: '2ea73c7b7d671ae9164990c6e28a0716') in 0.029381 seconds 
  Import took 0.034041 seconds .

========================================================================
Received Import Request.
  Time since last request: 0.000277 seconds.
  path: Assets/PF SET1/bakcground_night1.png
  artifactKey: Guid(4b1df07ea00859b4886266878d9fda27) Importer(815301076,1909f56bfc062723c751e8b465ee728b)
Start importing Assets/PF SET1/bakcground_night1.png using Guid(4b1df07ea00859b4886266878d9fda27) Importer(815301076,1909f56bfc062723c751e8b465ee728b)  -> (artifact id: '91cdbc86ba45fa7ca86565b35db3db22') in 0.020928 seconds 
  Import took 0.024605 seconds .

========================================================================
Received Import Request.
  Time since last request: 0.000269 seconds.
  path: Assets/Distant Forest Assets/Green Forest/ForestBgLightGreen_3.png
  artifactKey: Guid(bc7e22974dfe74f4a9eec536705c905b) Importer(815301076,1909f56bfc062723c751e8b465ee728b)
Start importing Assets/Distant Forest Assets/Green Forest/ForestBgLightGreen_3.png using Guid(bc7e22974dfe74f4a9eec536705c905b) Importer(815301076,1909f56bfc062723c751e8b465ee728b)  -> (artifact id: '9d3079fbb89634096268227b9cafec45') in 0.052557 seconds 
  Import took 0.056573 seconds .

========================================================================
Received Import Request.
  Time since last request: 0.000229 seconds.
  path: Assets/Distant Forest Assets/Green Forest/ForestPack1.png
  artifactKey: Guid(705ea5e4e94eb184d8976f1a82a21bcd) Importer(815301076,1909f56bfc062723c751e8b465ee728b)
Start importing Assets/Distant Forest Assets/Green Forest/ForestPack1.png using Guid(705ea5e4e94eb184d8976f1a82a21bcd) Importer(815301076,1909f56bfc062723c751e8b465ee728b)  -> (artifact id: '7008f732f5e021960c9349e0367eaf48') in 0.026530 seconds 
  Import took 0.031436 seconds .

========================================================================
Received Import Request.
  Time since last request: 0.000282 seconds.
  path: Assets/Distant Forest Assets/Swamp Forest/SwampPack1.png
  artifactKey: Guid(3363509718ff4444e954854ef656d7cb) Importer(815301076,1909f56bfc062723c751e8b465ee728b)
Start importing Assets/Distant Forest Assets/Swamp Forest/SwampPack1.png using Guid(3363509718ff4444e954854ef656d7cb) Importer(815301076,1909f56bfc062723c751e8b465ee728b)  -> (artifact id: 'da3dec0b57c860298ba625b7c73ccf0f') in 0.024428 seconds 
  Import took 0.029076 seconds .

========================================================================
Received Import Request.
  Time since last request: 0.000283 seconds.
  path: Assets/PF SET1/bakcground_night2.png
  artifactKey: Guid(41261f6ed984eb046a1828b6f367e7b9) Importer(815301076,1909f56bfc062723c751e8b465ee728b)
Start importing Assets/PF SET1/bakcground_night2.png using Guid(41261f6ed984eb046a1828b6f367e7b9) Importer(815301076,1909f56bfc062723c751e8b465ee728b)  -> (artifact id: '650f3ed3c5784e6bdbf9df44234b11c9') in 0.021037 seconds 
  Import took 0.024894 seconds .

========================================================================
Received Import Request.
  Time since last request: 0.000301 seconds.
  path: Assets/PF SET1/decorative_obj.png
  artifactKey: Guid(d23e82e29bfdabf4f9b01dc69e6901b5) Importer(815301076,1909f56bfc062723c751e8b465ee728b)
Start importing Assets/PF SET1/decorative_obj.png using Guid(d23e82e29bfdabf4f9b01dc69e6901b5) Importer(815301076,1909f56bfc062723c751e8b465ee728b)  -> (artifact id: 'f0a530f35c9eb7c4f3cde4995cbababf') in 0.029230 seconds 
  Import took 0.032916 seconds .

========================================================================
Received Import Request.
  Time since last request: 0.000243 seconds.
  path: Assets/Distant Forest Assets/Green Forest/ForestBgLightGreen_4.png
  artifactKey: Guid(7a47af75341180140976aed75d924861) Importer(815301076,1909f56bfc062723c751e8b465ee728b)
Start importing Assets/Distant Forest Assets/Green Forest/ForestBgLightGreen_4.png using Guid(7a47af75341180140976aed75d924861) Importer(815301076,1909f56bfc062723c751e8b465ee728b)  -> (artifact id: '02c62ce183af85240871b6e0d5509e6a') in 0.023089 seconds 
  Import took 0.027123 seconds .

========================================================================
Received Import Request.
  Time since last request: 0.000735 seconds.
  path: Assets/Distant Forest Assets/Green Forest/ForestPack2.png
  artifactKey: Guid(80b56071c13d4854cb913a323961d9a6) Importer(815301076,1909f56bfc062723c751e8b465ee728b)
Start importing Assets/Distant Forest Assets/Green Forest/ForestPack2.png using Guid(80b56071c13d4854cb913a323961d9a6) Importer(815301076,1909f56bfc062723c751e8b465ee728b)  -> (artifact id: 'e50d1c1e0649dc04b0a324f4ca1390b0') in 0.042040 seconds 
  Import took 0.047378 seconds .

========================================================================
Received Import Request.
  Time since last request: 0.000219 seconds.
  path: Assets/Distant Forest Assets/Green Forest/ForestBgGreen_1.png
  artifactKey: Guid(970f9dfa4cbed064e97a1666cbacd6e1) Importer(815301076,1909f56bfc062723c751e8b465ee728b)
Start importing Assets/Distant Forest Assets/Green Forest/ForestBgGreen_1.png using Guid(970f9dfa4cbed064e97a1666cbacd6e1) Importer(815301076,1909f56bfc062723c751e8b465ee728b)  -> (artifact id: '238518def6a4bfa2d37bd1a0118a5b2f') in 0.042144 seconds 
  Import took 0.045383 seconds .

========================================================================
Received Import Request.
  Time since last request: 0.000259 seconds.
  path: Assets/Distant Forest Assets/Green Forest/ForestBgLightGreen_2.png
  artifactKey: Guid(9ed2c2ebf2b182f429de1e32d7a18bc0) Importer(815301076,1909f56bfc062723c751e8b465ee728b)
Start importing Assets/Distant Forest Assets/Green Forest/ForestBgLightGreen_2.png using Guid(9ed2c2ebf2b182f429de1e32d7a18bc0) Importer(815301076,1909f56bfc062723c751e8b465ee728b)  -> (artifact id: 'b0a946e406d821661daa90dad212f8e1') in 0.043437 seconds 
  Import took 0.047278 seconds .

========================================================================
Received Import Request.
  Time since last request: 0.000250 seconds.
  path: Assets/Distant Forest Assets/Green Forest/ForestBgGreen_2.png
  artifactKey: Guid(463454a640eb5dc41945ef5ad77106a5) Importer(815301076,1909f56bfc062723c751e8b465ee728b)
Start importing Assets/Distant Forest Assets/Green Forest/ForestBgGreen_2.png using Guid(463454a640eb5dc41945ef5ad77106a5) Importer(815301076,1909f56bfc062723c751e8b465ee728b)  -> (artifact id: '0af38e34dd18a9d0319d30597a481999') in 0.044770 seconds 
  Import took 0.047978 seconds .

========================================================================
Received Import Request.
  Time since last request: 0.000252 seconds.
  path: Assets/Distant Forest Assets/Swamp Forest/SwampBg_1.png
  artifactKey: Guid(00d980795bcc4e342b413ec579e7643c) Importer(815301076,1909f56bfc062723c751e8b465ee728b)
Start importing Assets/Distant Forest Assets/Swamp Forest/SwampBg_1.png using Guid(00d980795bcc4e342b413ec579e7643c) Importer(815301076,1909f56bfc062723c751e8b465ee728b)  -> (artifact id: '0ac762ecdfc25e52517f5b1de692102a') in 0.061946 seconds 
  Import took 0.064647 seconds .

========================================================================
Received Import Request.
  Time since last request: 0.000316 seconds.
  path: Assets/PF SET1/mainlevbuild.png
  artifactKey: Guid(bbf1993bf4e31194f9d5ee94ecea8677) Importer(815301076,1909f56bfc062723c751e8b465ee728b)
Start importing Assets/PF SET1/mainlevbuild.png using Guid(bbf1993bf4e31194f9d5ee94ecea8677) Importer(815301076,1909f56bfc062723c751e8b465ee728b)  -> (artifact id: 'af1fafe147b2ade620c38075571337a9') in 0.027872 seconds 
  Import took 0.030847 seconds .

========================================================================
Received Import Request.
  Time since last request: 0.000261 seconds.
  path: Assets/Distant Forest Assets/Swamp Forest/SwampBg_3.png
  artifactKey: Guid(9618656a00c17fe4bbccff4470018111) Importer(815301076,1909f56bfc062723c751e8b465ee728b)
Start importing Assets/Distant Forest Assets/Swamp Forest/SwampBg_3.png using Guid(9618656a00c17fe4bbccff4470018111) Importer(815301076,1909f56bfc062723c751e8b465ee728b)  -> (artifact id: 'd6440e78bfcaf4b267c547441344110c') in 0.044064 seconds 
  Import took 0.048267 seconds .

========================================================================
Received Import Request.
  Time since last request: 0.000308 seconds.
  path: Assets/Distant Forest Assets/Swamp Forest/SwampBgOrange_3.png
  artifactKey: Guid(e53aec077838ff84993fe48245389698) Importer(815301076,1909f56bfc062723c751e8b465ee728b)
Start importing Assets/Distant Forest Assets/Swamp Forest/SwampBgOrange_3.png using Guid(e53aec077838ff84993fe48245389698) Importer(815301076,1909f56bfc062723c751e8b465ee728b)  -> (artifact id: '37cc9a2678b1688814f84916d7662773') in 0.044323 seconds 
  Import took 0.047257 seconds .

========================================================================
Received Import Request.
  Time since last request: 0.000293 seconds.
  path: Assets/PF SET1/bakcground_night3.png
  artifactKey: Guid(cc2fc48352056394a8b60d1c02246a03) Importer(815301076,1909f56bfc062723c751e8b465ee728b)
Start importing Assets/PF SET1/bakcground_night3.png using Guid(cc2fc48352056394a8b60d1c02246a03) Importer(815301076,1909f56bfc062723c751e8b465ee728b)  -> (artifact id: '53e2acc41f85225dcefe7da6babc52b5') in 0.024908 seconds 
  Import took 0.029821 seconds .

========================================================================
Received Import Request.
  Time since last request: 0.000319 seconds.
  path: Assets/Distant Forest Assets/Green Forest/ForestBgLightGreen_1.png
  artifactKey: Guid(ca514bfb7dc13e246be99e87a0dd9907) Importer(815301076,1909f56bfc062723c751e8b465ee728b)
Start importing Assets/Distant Forest Assets/Green Forest/ForestBgLightGreen_1.png using Guid(ca514bfb7dc13e246be99e87a0dd9907) Importer(815301076,1909f56bfc062723c751e8b465ee728b)  -> (artifact id: 'f3df72b8f26adb13c0e2a9bc2a57e6f1') in 0.039647 seconds 
  Import took 0.043088 seconds .

========================================================================
Received Import Request.
  Time since last request: 0.000288 seconds.
  path: Assets/Distant Forest Assets/Swamp Forest/SwampBgOrange_1.png
  artifactKey: Guid(a22dd364e2770a04b9ace96821f24d6e) Importer(815301076,1909f56bfc062723c751e8b465ee728b)
Start importing Assets/Distant Forest Assets/Swamp Forest/SwampBgOrange_1.png using Guid(a22dd364e2770a04b9ace96821f24d6e) Importer(815301076,1909f56bfc062723c751e8b465ee728b)  -> (artifact id: 'd602ffa9b2262e1435167dd36c54a924') in 0.046006 seconds 
  Import took 0.050442 seconds .

========================================================================
Received Import Request.
  Time since last request: 0.000178 seconds.
  path: Assets/Distant Forest Assets/Swamp Forest/SwampBg_2.png
  artifactKey: Guid(949b4f7a4a7db7a488c410a490d24635) Importer(815301076,1909f56bfc062723c751e8b465ee728b)
Start importing Assets/Distant Forest Assets/Swamp Forest/SwampBg_2.png using Guid(949b4f7a4a7db7a488c410a490d24635) Importer(815301076,1909f56bfc062723c751e8b465ee728b)  -> (artifact id: '0edbb25c61e781c43937473523f3b698') in 0.048807 seconds 
  Import took 0.051952 seconds .

========================================================================
Received Import Request.
  Time since last request: 0.000306 seconds.
  path: Assets/Distant Forest Assets/Green Forest/ForestBgGreen_3.png
  artifactKey: Guid(374062332762c22458f8723c56e0629c) Importer(815301076,1909f56bfc062723c751e8b465ee728b)
Start importing Assets/Distant Forest Assets/Green Forest/ForestBgGreen_3.png using Guid(374062332762c22458f8723c56e0629c) Importer(815301076,1909f56bfc062723c751e8b465ee728b)  -> (artifact id: '5c11af6df8c8f45683a3298784e202f4') in 0.083239 seconds 
  Import took 0.086802 seconds .

========================================================================
Received Import Request.
  Time since last request: 0.000288 seconds.
  path: Assets/PF SET1/background_obj.png
  artifactKey: Guid(c83648d49be2e304daae4d092f8aa41f) Importer(815301076,1909f56bfc062723c751e8b465ee728b)
Start importing Assets/PF SET1/background_obj.png using Guid(c83648d49be2e304daae4d092f8aa41f) Importer(815301076,1909f56bfc062723c751e8b465ee728b)  -> (artifact id: 'f6929ecdd7743a58786c055bd283e4a8') in 0.028881 seconds 
  Import took 0.032138 seconds .

========================================================================
Received Import Request.
  Time since last request: 0.000296 seconds.
  path: Assets/PF SET1/bakcground_day1.png
  artifactKey: Guid(16dad45369100e34ab557009b029ced8) Importer(815301076,1909f56bfc062723c751e8b465ee728b)
Start importing Assets/PF SET1/bakcground_day1.png using Guid(16dad45369100e34ab557009b029ced8) Importer(815301076,1909f56bfc062723c751e8b465ee728b)  -> (artifact id: '605aa5a1953c64d381d5ab4637d607bd') in 0.020656 seconds 
  Import took 0.027015 seconds .

========================================================================
Received Import Request.
  Time since last request: 0.000209 seconds.
  path: Assets/PF SET1/bakcground_day2.png
  artifactKey: Guid(134b0e89814f7b94590356522970bcff) Importer(815301076,1909f56bfc062723c751e8b465ee728b)
Start importing Assets/PF SET1/bakcground_day2.png using Guid(134b0e89814f7b94590356522970bcff) Importer(815301076,1909f56bfc062723c751e8b465ee728b)  -> (artifact id: '48962b0cc629bcddbf5a93e48010ad2c') in 0.026347 seconds 
  Import took 0.032335 seconds .

========================================================================
Received Import Request.
  Time since last request: 0.000246 seconds.
  path: Assets/PF SET1/bakcground_day3.png
  artifactKey: Guid(3c740e741f514ba42ad9030cd94085da) Importer(815301076,1909f56bfc062723c751e8b465ee728b)
Start importing Assets/PF SET1/bakcground_day3.png using Guid(3c740e741f514ba42ad9030cd94085da) Importer(815301076,1909f56bfc062723c751e8b465ee728b)  -> (artifact id: '3ea53d827ece6366447a91b0de8248c9') in 0.029653 seconds 
  Import took 0.032622 seconds .

========================================================================
Received Import Request.
  Time since last request: 0.000259 seconds.
  path: Assets/Distant Forest Assets/Green Forest/ForestBgGreen_4.png
  artifactKey: Guid(305f48e6ee3eafd4380ecdc296a99b90) Importer(815301076,1909f56bfc062723c751e8b465ee728b)
Start importing Assets/Distant Forest Assets/Green Forest/ForestBgGreen_4.png using Guid(305f48e6ee3eafd4380ecdc296a99b90) Importer(815301076,1909f56bfc062723c751e8b465ee728b)  -> (artifact id: 'fba38ba5d28b152d0669c793c3bb1033') in 0.029718 seconds 
  Import took 0.216887 seconds .

========================================================================
Received Import Request.
  Time since last request: 0.000286 seconds.
  path: Assets/Distant Forest Assets/Swamp Forest/SwampBgOrange_2.png
  artifactKey: Guid(6d236423a1ea189478c041f4c4625d08) Importer(815301076,1909f56bfc062723c751e8b465ee728b)
Start importing Assets/Distant Forest Assets/Swamp Forest/SwampBgOrange_2.png using Guid(6d236423a1ea189478c041f4c4625d08) Importer(815301076,1909f56bfc062723c751e8b465ee728b)  -> (artifact id: '4ea4492a463fe8295a2e017c164d9846') in 0.047494 seconds 
  Import took 0.056297 seconds .

========================================================================
Received Import Request.
  Time since last request: 0.000294 seconds.
  path: Assets/Distant Forest Assets/Swamp Forest/SwampPack2.png
  artifactKey: Guid(4d33f1aa7cf312b4c9f09b998744895e) Importer(815301076,1909f56bfc062723c751e8b465ee728b)
Start importing Assets/Distant Forest Assets/Swamp Forest/SwampPack2.png using Guid(4d33f1aa7cf312b4c9f09b998744895e) Importer(815301076,1909f56bfc062723c751e8b465ee728b)  -> (artifact id: '695d7e26dbb0cc8454ed70a7f9f5d00b') in 0.025736 seconds 
  Import took 0.029874 seconds .

========================================================================
Received Import Request.
  Time since last request: 6.015540 seconds.
  path: Assets/Distant Forest Assets/Taiga Forest/TaigaBg_1.png
  artifactKey: Guid(6d333e9075ddf304fbb7e0fa947168cb) Importer(815301076,1909f56bfc062723c751e8b465ee728b)
Start importing Assets/Distant Forest Assets/Taiga Forest/TaigaBg_1.png using Guid(6d333e9075ddf304fbb7e0fa947168cb) Importer(815301076,1909f56bfc062723c751e8b465ee728b)  -> (artifact id: 'ed39945e497a5309dd206f220ac4f523') in 0.083721 seconds 
  Import took 0.087180 seconds .

========================================================================
Received Import Request.
  Time since last request: 0.000297 seconds.
  path: Assets/Distant Forest Assets/Taiga Forest/TaigaBg_4.png
  artifactKey: Guid(0a29b3286bbbe2f48aa7832458b4c185) Importer(815301076,1909f56bfc062723c751e8b465ee728b)
Start importing Assets/Distant Forest Assets/Taiga Forest/TaigaBg_4.png using Guid(0a29b3286bbbe2f48aa7832458b4c185) Importer(815301076,1909f56bfc062723c751e8b465ee728b)  -> (artifact id: '6756e46cf6fb7d70d164bd22a7a6bafe') in 0.025036 seconds 
  Import took 0.029836 seconds .

========================================================================
Received Import Request.
  Time since last request: 0.000244 seconds.
  path: Assets/Distant Forest Assets/Taiga Forest/TaigaBg_2.png
  artifactKey: Guid(37627e03d6f221a4188f64e377dd4e1f) Importer(815301076,1909f56bfc062723c751e8b465ee728b)
Start importing Assets/Distant Forest Assets/Taiga Forest/TaigaBg_2.png using Guid(37627e03d6f221a4188f64e377dd4e1f) Importer(815301076,1909f56bfc062723c751e8b465ee728b)  -> (artifact id: '9fa6b1642bcbcf80579f13c29acb78db') in 0.054206 seconds 
  Import took 0.058413 seconds .

========================================================================
Received Import Request.
  Time since last request: 0.000262 seconds.
  path: Assets/Distant Forest Assets/Taiga Forest/TaigaPack2.png
  artifactKey: Guid(017d33dc8eca67c4baae35677e758ae8) Importer(815301076,1909f56bfc062723c751e8b465ee728b)
Start importing Assets/Distant Forest Assets/Taiga Forest/TaigaPack2.png using Guid(017d33dc8eca67c4baae35677e758ae8) Importer(815301076,1909f56bfc062723c751e8b465ee728b)  -> (artifact id: '2da4f62950df8a19fc11a6f276e102c9') in 0.027719 seconds 
  Import took 0.031402 seconds .

========================================================================
Received Import Request.
  Time since last request: 0.000267 seconds.
  path: Assets/Distant Forest Assets/Taiga Forest/TaigaBg_3.png
  artifactKey: Guid(b2b3a660a0b03784e9476b235dcd2bbd) Importer(815301076,1909f56bfc062723c751e8b465ee728b)
Start importing Assets/Distant Forest Assets/Taiga Forest/TaigaBg_3.png using Guid(b2b3a660a0b03784e9476b235dcd2bbd) Importer(815301076,1909f56bfc062723c751e8b465ee728b)  -> (artifact id: 'de6bcc926d086bcc1db78c2224f5fc59') in 0.045219 seconds 
  Import took 0.048859 seconds .

========================================================================
Received Import Request.
  Time since last request: 0.000273 seconds.
  path: Assets/Distant Forest Assets/Taiga Forest/TaigaPack1.png
  artifactKey: Guid(7a7cbe6c4a73a9a45b0f200d31deb971) Importer(815301076,1909f56bfc062723c751e8b465ee728b)
Start importing Assets/Distant Forest Assets/Taiga Forest/TaigaPack1.png using Guid(7a7cbe6c4a73a9a45b0f200d31deb971) Importer(815301076,1909f56bfc062723c751e8b465ee728b)  -> (artifact id: 'da1ad69d03a149b06825633f7a083ec0') in 0.026939 seconds 
  Import took 0.030256 seconds .

========================================================================
Received Import Request.
  Time since last request: 50.186610 seconds.
  path: Assets/Distant Forest Assets/Swamp Forest/SwampPack1.png
  artifactKey: Guid(3363509718ff4444e954854ef656d7cb) Importer(815301076,1909f56bfc062723c751e8b465ee728b)
Start importing Assets/Distant Forest Assets/Swamp Forest/SwampPack1.png using Guid(3363509718ff4444e954854ef656d7cb) Importer(815301076,1909f56bfc062723c751e8b465ee728b)  -> (artifact id: '90158cb988812f4f79fc08d13edf5c83') in 0.013832 seconds 
  Import took 0.019185 seconds .

========================================================================
Received Import Request.
  Time since last request: 1997.637613 seconds.
  path: Assets/PF SET1/Sliced/background_obj.png
  artifactKey: Guid(46019633fe4c3774b8dcb514cddf7796) Importer(815301076,1909f56bfc062723c751e8b465ee728b)
Start importing Assets/PF SET1/Sliced/background_obj.png using Guid(46019633fe4c3774b8dcb514cddf7796) Importer(815301076,1909f56bfc062723c751e8b465ee728b)  -> (artifact id: 'f50f14c10eaaacc5d363e6208cdd5c1a') in 3.954065 seconds 
  Import took 3.970977 seconds .

========================================================================
Received Import Request.
  Time since last request: 0.000255 seconds.
  path: Assets/PF SET1/Sliced/mainlevbuild.png
  artifactKey: Guid(0b0ba242c6354d744b4524eb0fc98ee7) Importer(815301076,1909f56bfc062723c751e8b465ee728b)
Start importing Assets/PF SET1/Sliced/mainlevbuild.png using Guid(0b0ba242c6354d744b4524eb0fc98ee7) Importer(815301076,1909f56bfc062723c751e8b465ee728b)  -> (artifact id: '1eb72d39d399e557e17c4a3723e9f287') in 2.138283 seconds 
  Import took 2.148125 seconds .

========================================================================
Received Import Request.
  Time since last request: 0.000554 seconds.
  path: Assets/PF SET1/Sliced/background_obj.png
  artifactKey: Guid(46019633fe4c3774b8dcb514cddf7796) Importer(815301076,1909f56bfc062723c751e8b465ee728b)
Start importing Assets/PF SET1/Sliced/background_obj.png using Guid(46019633fe4c3774b8dcb514cddf7796) Importer(815301076,1909f56bfc062723c751e8b465ee728b)  -> (artifact id: 'f50f14c10eaaacc5d363e6208cdd5c1a') in 4.177212 seconds 
  Import took 4.191794 seconds .

========================================================================
Received Import Request.
  Time since last request: 0.000288 seconds.
  path: Assets/PF SET1/Sliced/decorative_obj.png
  artifactKey: Guid(150671d6d3ba0144998bef186d4b4ea9) Importer(815301076,1909f56bfc062723c751e8b465ee728b)
Start importing Assets/PF SET1/Sliced/decorative_obj.png using Guid(150671d6d3ba0144998bef186d4b4ea9) Importer(815301076,1909f56bfc062723c751e8b465ee728b)  -> (artifact id: '1c7c3b21875a0ffe2ca5b6b810b7ece4') in 3.361692 seconds 
  Import took 3.369540 seconds .

AssetImportWorkerClient::OnTransportError - code=2 error=End of file
